Using pre-set license

 COMMAND LINE ARGUMENTS:
/Applications/Unity/Hub/Editor/2020.2.0b2/Unity.app/Contents/MacOS/Unity
-adb2
-batchMode
-noUpm
-name
AssetImportWorker0
-projectPath
/Users/Alex/Documents/GitHub/GameDev/UnityProjects/KatchyKoi
-logFile
Logs/AssetImportWorker0.log
-srvPort
49374
Successfully changed project path to: /Users/Alex/Documents/GitHub/GameDev/UnityProjects/KatchyKoi
/Users/Alex/Documents/GitHub/GameDev/UnityProjects/KatchyKoi
Using Asset Import Pipeline V2.
Refreshing native plugins compatible for Editor in 42.22 ms, found 1 plugins.
Preloading 0 native plugins for Editor in 0.00 ms.
Initialize engine version: 2020.2.0b2 (90b2443a8df1)
[Subsystems] Discovering subsystems at path /Applications/Unity/Hub/Editor/2020.2.0b2/Unity.app/Contents/Resources/UnitySubsystems
[Subsystems] Discovering subsystems at path /Users/Alex/Documents/GitHub/GameDev/UnityProjects/KatchyKoi/Assets
GfxDevice: creating device client; threaded=0
2020-12-23 18:53:00.378 Unity[17005:900782] Color LCD preferred device: Intel(R) HD Graphics 630 (low power)
2020-12-23 18:53:00.378 Unity[17005:900782] Metal devices available: 2
2020-12-23 18:53:00.378 Unity[17005:900782] 0: AMD Radeon Pro 560 (high power)
2020-12-23 18:53:00.378 Unity[17005:900782] 1: Intel(R) HD Graphics 630 (low power)
2020-12-23 18:53:00.379 Unity[17005:900782] Using device AMD Radeon Pro 560 (high power)
Initializing Metal device caps: AMD Radeon Pro 560
Initialize mono
Mono path[0] = '/Applications/Unity/Hub/Editor/2020.2.0b2/Unity.app/Contents/Managed'
Mono path[1] = '/Applications/Unity/Hub/Editor/2020.2.0b2/Unity.app/Contents/MonoBleedingEdge/lib/mono/unityjit'
Mono config path = '/Applications/Unity/Hub/Editor/2020.2.0b2/Unity.app/Contents/MonoBleedingEdge/etc'
Using monoOptions --debugger-agent=transport=dt_socket,embedding=1,server=y,suspend=n,address=127.0.0.1:56005
Begin MonoManager ReloadAssembly
Registering precompiled unity dll's ...
Register platform support module: /Applications/Unity/Hub/Editor/2020.2.0b2/PlaybackEngines/WebGLSupport/UnityEditor.WebGL.Extensions.dll
Register platform support module: /Applications/Unity/Hub/Editor/2020.2.0b2/Unity.app/Contents/PlaybackEngines/MacStandaloneSupport/UnityEditor.OSXStandalone.Extensions.dll
Registered in 0.005442 seconds.
Native extension for OSXStandalone target not found
Native extension for WebGL target not found
Refreshing native plugins compatible for Editor in 34.59 ms, found 1 plugins.
Preloading 0 native plugins for Editor in 0.00 ms.
Invoked RoslynAnalysisRunner static constructor.
RoslynAnalysisRunner will not be running.
RoslynAnalysisRunner has terminated.
Mono: successfully reloaded assembly
- Completed reload, in  5.039 seconds
Registering precompiled user dll's ...
Registered in 0.220801 seconds.
Platform modules already initialized, skipping
Begin MonoManager ReloadAssembly
Symbol file LoadedFromMemory doesn't match image /Users/Alex/Documents/GitHub/GameDev/UnityProjects/KatchyKoi/Library/PackageCache/com.unity.ext.nunit@1.0.0/net35/unity-custom/nunit.framework.dll
Native extension for OSXStandalone target not found
Native extension for WebGL target not found
Refreshing native plugins compatible for Editor in 39.28 ms, found 1 plugins.
Preloading 0 native plugins for Editor in 0.00 ms.
Invoked RoslynAnalysisRunner static constructor.
RoslynAnalysisRunner will not be running.
RoslynAnalysisRunner has terminated.
Mono: successfully reloaded assembly
- Completed reload, in  1.080 seconds
Platform modules already initialized, skipping
========================================================================
Worker process is ready to serve import requests
Shader 'Universal Render Pipeline/Particles/Lit': fallback shader 'Universal Render Pipeline/Particles/SimpleLit' not found
Shader 'Universal Render Pipeline/Particles/Lit': fallback shader 'Universal Render Pipeline/Particles/SimpleLit' not found
Launching external process: /Applications/Unity/Hub/Editor/2020.2.0b2/Unity.app/Contents/Tools/UnityShaderCompiler
Launched and connected shader compiler UnityShaderCompiler after 0.02 seconds
Refreshing native plugins compatible for Editor in 0.42 ms, found 1 plugins.
Preloading 0 native plugins for Editor in 0.00 ms.
Unloading 2013 Unused Serialized files (Serialized files now loaded: 0)
System memory in use before: 153.3 MB.
System memory in use after: 151.3 MB.

Unloading 47 unused Assets to reduce memory usage. Loaded Objects now: 2412.
Total: 4.370895 ms (FindLiveObjects: 0.510157 ms CreateObjectMapping: 0.186814 ms MarkObjects: 2.252952 ms  DeleteObjects: 1.418787 ms)

========================================================================
Received Import Request.
  path: Assets/Materials
  artifactKey: Guid(b9d2a97f4c1d545629a3885f6d302d7a) Importer(815301076,1909f56bfc062723c751e8b465ee728b)
Start importing Assets/Materials using Guid(b9d2a97f4c1d545629a3885f6d302d7a) Importer(815301076,1909f56bfc062723c751e8b465ee728b)  -> (artifact id: '48f106baa95c16a49df5dfd77e47dd45') in 0.008105 seconds
  Import took 0.013906 seconds .

========================================================================
Received Import Request.
  Time since last request: 0.000289 seconds.
  path: Assets/Scripts
  artifactKey: Guid(d536da02c888048f0bca320a1640dd43) Importer(815301076,1909f56bfc062723c751e8b465ee728b)
Start importing Assets/Scripts using Guid(d536da02c888048f0bca320a1640dd43) Importer(815301076,1909f56bfc062723c751e8b465ee728b)  -> (artifact id: 'd7ccea3faf4fbb5584f96ec6c3e51ee5') in 0.003680 seconds
  Import took 0.008352 seconds .

========================================================================
Received Import Request.
  Time since last request: 0.000347 seconds.
  path: Assets/FPSDisplay.cs
  artifactKey: Guid(7a674170402a344d59747032dd380c32) Importer(815301076,1909f56bfc062723c751e8b465ee728b)
Start importing Assets/FPSDisplay.cs using Guid(7a674170402a344d59747032dd380c32) Importer(815301076,1909f56bfc062723c751e8b465ee728b)  -> (artifact id: '8d286f72bb1113f918dc37338619859b') in 0.366430 seconds
  Import took 0.371477 seconds .

========================================================================
Received Import Request.
  Time since last request: 0.000320 seconds.
  path: Assets/Scenes
  artifactKey: Guid(b8fe2694b8f1f46b086c10457c8e7729) Importer(815301076,1909f56bfc062723c751e8b465ee728b)
Start importing Assets/Scenes using Guid(b8fe2694b8f1f46b086c10457c8e7729) Importer(815301076,1909f56bfc062723c751e8b465ee728b)  -> (artifact id: '3444cf8c3f04789983825ed9e3d75518') in 0.004220 seconds
  Import took 0.008335 seconds .

========================================================================
Received Import Request.
  Time since last request: 0.000259 seconds.
  path: Assets/TextMesh Pro
  artifactKey: Guid(f54d1bd14bd3ca042bd867b519fee8cc) Importer(815301076,1909f56bfc062723c751e8b465ee728b)
Start importing Assets/TextMesh Pro using Guid(f54d1bd14bd3ca042bd867b519fee8cc) Importer(815301076,1909f56bfc062723c751e8b465ee728b)  -> (artifact id: 'c279ddd667f8ddca05a122137ba4b6b6') in 0.005266 seconds
  Import took 0.011422 seconds .

========================================================================
Received Import Request.
  Time since last request: 0.000271 seconds.
  path: Assets/Fonts
  artifactKey: Guid(645454a2699144cb78e1c75dd376fa5a) Importer(815301076,1909f56bfc062723c751e8b465ee728b)
Start importing Assets/Fonts using Guid(645454a2699144cb78e1c75dd376fa5a) Importer(815301076,1909f56bfc062723c751e8b465ee728b)  -> (artifact id: '5a239b3a1df5d4b4fb44d3526a756260') in 0.004659 seconds
  Import took 0.009377 seconds .

========================================================================
Received Import Request.
  Time since last request: 0.000285 seconds.
  path: Assets/Meshes
  artifactKey: Guid(af3945ba5e43e4f4d8719c514f78763b) Importer(815301076,1909f56bfc062723c751e8b465ee728b)
Start importing Assets/Meshes using Guid(af3945ba5e43e4f4d8719c514f78763b) Importer(815301076,1909f56bfc062723c751e8b465ee728b)  -> (artifact id: '7c8d1e8d3de41427e02369e71454029e') in 0.004358 seconds
  Import took 0.009826 seconds .

========================================================================
Received Import Request.
  Time since last request: 0.000335 seconds.
  path: Assets/Prefabs
  artifactKey: Guid(137ad099a7372451190cbc08f1548d8d) Importer(815301076,1909f56bfc062723c751e8b465ee728b)
Start importing Assets/Prefabs using Guid(137ad099a7372451190cbc08f1548d8d) Importer(815301076,1909f56bfc062723c751e8b465ee728b)  -> (artifact id: 'aeef5a4eb2c7641366846ac19b4589f3') in 0.005693 seconds
  Import took 0.012320 seconds .

========================================================================
Received Import Request.
  Time since last request: 0.000263 seconds.
  path: Assets/Shaders
  artifactKey: Guid(652a22292b16a48ceaf2d68bed72e174) Importer(815301076,1909f56bfc062723c751e8b465ee728b)
Start importing Assets/Shaders using Guid(652a22292b16a48ceaf2d68bed72e174) Importer(815301076,1909f56bfc062723c751e8b465ee728b)  -> (artifact id: '78d6140610b8cdad4cc6e665fe77025d') in 0.004979 seconds
  Import took 0.009124 seconds .

========================================================================
Received Import Request.
  Time since last request: 0.000225 seconds.
  path: Assets/Physics Materials
  artifactKey: Guid(3cdc37ebb069f47d1aee03a9171f716a) Importer(815301076,1909f56bfc062723c751e8b465ee728b)
Start importing Assets/Physics Materials using Guid(3cdc37ebb069f47d1aee03a9171f716a) Importer(815301076,1909f56bfc062723c751e8b465ee728b)  -> (artifact id: 'b076b3849729d5177b85e82052724c76') in 0.004458 seconds
  Import took 0.009052 seconds .

========================================================================
Received Import Request.
  Time since last request: 0.000228 seconds.
  path: Assets/Textures
  artifactKey: Guid(b1fb3c749970045d0ace2368cebd1698) Importer(815301076,1909f56bfc062723c751e8b465ee728b)
Start importing Assets/Textures using Guid(b1fb3c749970045d0ace2368cebd1698) Importer(815301076,1909f56bfc062723c751e8b465ee728b)  -> (artifact id: '91affc53cbd994d1d8bab7c317ce50a3') in 0.003571 seconds
  Import took 0.009734 seconds .

========================================================================
Received Import Request.
  Time since last request: 0.000265 seconds.
  path: Assets/Audio
  artifactKey: Guid(983c60977a78a4869b549ea831bbc2dc) Importer(815301076,1909f56bfc062723c751e8b465ee728b)
Start importing Assets/Audio using Guid(983c60977a78a4869b549ea831bbc2dc) Importer(815301076,1909f56bfc062723c751e8b465ee728b)  -> (artifact id: 'f2c808d17b1643a2a2532653b70d6ec8') in 0.004348 seconds
  Import took 0.011206 seconds .

========================================================================
Received Import Request.
  Time since last request: 894.809063 seconds.
  path: Assets/Scenes/MainScene.unity
  artifactKey: Guid(7236cc20233764e7d9af98b0eb476681) Importer(815301076,1909f56bfc062723c751e8b465ee728b)
Start importing Assets/Scenes/MainScene.unity using Guid(7236cc20233764e7d9af98b0eb476681) Importer(815301076,1909f56bfc062723c751e8b465ee728b)  -> (artifact id: '81b5252a19ba44ff466d3a17510ef180') in 0.015232 seconds
  Import took 0.020778 seconds .

========================================================================
Received Import Request.
  Time since last request: 0.000296 seconds.
  path: Assets/Scenes/MainSceneSettings.lighting
  artifactKey: Guid(f3b04846f508f4f32806fdc781a93303) Importer(815301076,1909f56bfc062723c751e8b465ee728b)
Start importing Assets/Scenes/MainSceneSettings.lighting using Guid(f3b04846f508f4f32806fdc781a93303) Importer(815301076,1909f56bfc062723c751e8b465ee728b)  -> (artifact id: '7455186be8144a1f5e0f3d0da8e07f5e') in 1.076401 seconds
  Import took 1.081062 seconds .

========================================================================
Received Import Request.
  Time since last request: 66.164988 seconds.
  path: Assets/Scripts/AdController.cs
  artifactKey: Guid(7bc69c328ebeb43368fd0db495e46dfc) Importer(815301076,1909f56bfc062723c751e8b465ee728b)
Start importing Assets/Scripts/AdController.cs using Guid(7bc69c328ebeb43368fd0db495e46dfc) Importer(815301076,1909f56bfc062723c751e8b465ee728b)  -> (artifact id: 'bcdac3c97132d8a3e58c43d21454ecdc') in 0.005828 seconds
  Import took 0.011304 seconds .

========================================================================
Received Import Request.
  Time since last request: 0.000278 seconds.
  path: Assets/Scripts/AudioButton.cs
  artifactKey: Guid(2b46a5430770d4e02982c021eaf35a4d) Importer(815301076,1909f56bfc062723c751e8b465ee728b)
Start importing Assets/Scripts/AudioButton.cs using Guid(2b46a5430770d4e02982c021eaf35a4d) Importer(815301076,1909f56bfc062723c751e8b465ee728b)  -> (artifact id: '6fad4b14f359329d49b17a18c71041cb') in 0.005290 seconds
  Import took 0.009965 seconds .

========================================================================
Received Import Request.
  Time since last request: 0.000355 seconds.
  path: Assets/Scripts/ColourManager.cs
  artifactKey: Guid(b6d6c376df08b4bfe8a1ca62245fbf58) Importer(815301076,1909f56bfc062723c751e8b465ee728b)
Start importing Assets/Scripts/ColourManager.cs using Guid(b6d6c376df08b4bfe8a1ca62245fbf58) Importer(815301076,1909f56bfc062723c751e8b465ee728b)  -> (artifact id: 'd18c0f59852a5a2c1289bb7515a3993d') in 0.006520 seconds
  Import took 0.012948 seconds .

========================================================================
Received Import Request.
  Time since last request: 0.000296 seconds.
  path: Assets/Scripts/SpecialBlockController.cs
  artifactKey: Guid(88f393fd9bf5a40298bd4216d67e6627) Importer(815301076,1909f56bfc062723c751e8b465ee728b)
Start importing Assets/Scripts/SpecialBlockController.cs using Guid(88f393fd9bf5a40298bd4216d67e6627) Importer(815301076,1909f56bfc062723c751e8b465ee728b)  -> (artifact id: 'b8b32b56d9d4cd207be4945cb437c423') in 0.005345 seconds
  Import took 0.010922 seconds .

========================================================================
Received Import Request.
  Time since last request: 0.000258 seconds.
  path: Assets/Scripts/PlayerController.cs
  artifactKey: Guid(f45f769e579f84a5cba4a114eb77240f) Importer(815301076,1909f56bfc062723c751e8b465ee728b)
Start importing Assets/Scripts/PlayerController.cs using Guid(f45f769e579f84a5cba4a114eb77240f) Importer(815301076,1909f56bfc062723c751e8b465ee728b)  -> (artifact id: '6488d36cd9c8ea681b6d820ea1132d65') in 0.005576 seconds
  Import took 0.011262 seconds .

========================================================================
Received Import Request.
  Time since last request: 0.000253 seconds.
  path: Assets/Scripts/ObjectPooler.cs
  artifactKey: Guid(95bbe82936c774e479bf0ed646591519) Importer(815301076,1909f56bfc062723c751e8b465ee728b)
Start importing Assets/Scripts/ObjectPooler.cs using Guid(95bbe82936c774e479bf0ed646591519) Importer(815301076,1909f56bfc062723c751e8b465ee728b)  -> (artifact id: '446bfe0ce48934e72cc1c7d79d931dd5') in 0.004783 seconds
  Import took 0.010158 seconds .

========================================================================
Received Import Request.
  Time since last request: 0.000334 seconds.
  path: Assets/Scripts/BackgroundController.cs
  artifactKey: Guid(cbea0b36e99cd47738daa6060253459f) Importer(815301076,1909f56bfc062723c751e8b465ee728b)
Start importing Assets/Scripts/BackgroundController.cs using Guid(cbea0b36e99cd47738daa6060253459f) Importer(815301076,1909f56bfc062723c751e8b465ee728b)  -> (artifact id: '9a6e7134e3f63d39e85f131f47807c52') in 0.006392 seconds
  Import took 0.012103 seconds .

========================================================================
Received Import Request.
  Time since last request: 0.000255 seconds.
  path: Assets/Scripts/AdWave.cs
  artifactKey: Guid(928cb472f0c884b5fba351c256c1cbd5) Importer(815301076,1909f56bfc062723c751e8b465ee728b)
Start importing Assets/Scripts/AdWave.cs using Guid(928cb472f0c884b5fba351c256c1cbd5) Importer(815301076,1909f56bfc062723c751e8b465ee728b)  -> (artifact id: 'de149f0318676a29faa224fd03c8b50e') in 0.006169 seconds
  Import took 0.011860 seconds .

========================================================================
Received Import Request.
  Time since last request: 0.000337 seconds.
  path: Assets/Scripts/TouchController.cs
  artifactKey: Guid(9a827494c37f241eb858c7a0bf6b4518) Importer(815301076,1909f56bfc062723c751e8b465ee728b)
Start importing Assets/Scripts/TouchController.cs using Guid(9a827494c37f241eb858c7a0bf6b4518) Importer(815301076,1909f56bfc062723c751e8b465ee728b)  -> (artifact id: '9aa0db0d70b46a59dba10bf53d0dab4e') in 0.005756 seconds
  Import took 0.011277 seconds .

========================================================================
Received Import Request.
  Time since last request: 0.000315 seconds.
  path: Assets/Scripts/MaterialColourChange.cs
  artifactKey: Guid(3b493cd93ac844ce6ab41f19601a74c6) Importer(815301076,1909f56bfc062723c751e8b465ee728b)
Start importing Assets/Scripts/MaterialColourChange.cs using Guid(3b493cd93ac844ce6ab41f19601a74c6) Importer(815301076,1909f56bfc062723c751e8b465ee728b)  -> (artifact id: '05932b43283d19b44f72f5049d988c42') in 0.004981 seconds
  Import took 0.010790 seconds .

========================================================================
Received Import Request.
  Time since last request: 0.000321 seconds.
  path: Assets/Scripts/BlockController.cs
  artifactKey: Guid(b1ad55553d79141d985786ed2664fd99) Importer(815301076,1909f56bfc062723c751e8b465ee728b)
Start importing Assets/Scripts/BlockController.cs using Guid(b1ad55553d79141d985786ed2664fd99) Importer(815301076,1909f56bfc062723c751e8b465ee728b)  -> (artifact id: 'e70cc3b97c4ab2d216b98f6c14dd7e7b') in 0.005042 seconds
  Import took 0.010704 seconds .

========================================================================
Received Import Request.
  Time since last request: 0.000219 seconds.
  path: Assets/Scripts/SpecialBlockWave.cs
  artifactKey: Guid(116463becbbf94c249d2b31d065b86b2) Importer(815301076,1909f56bfc062723c751e8b465ee728b)
Start importing Assets/Scripts/SpecialBlockWave.cs using Guid(116463becbbf94c249d2b31d065b86b2) Importer(815301076,1909f56bfc062723c751e8b465ee728b)  -> (artifact id: '62a4555343243593f5124ba7117ee5e3') in 0.006125 seconds
  Import took 0.011603 seconds .

========================================================================
Received Import Request.
  Time since last request: 0.000291 seconds.
  path: Assets/Scripts/ScoreCounter.cs
  artifactKey: Guid(f24aa9e9e9a914c078f96cf8903b0d43) Importer(815301076,1909f56bfc062723c751e8b465ee728b)
Start importing Assets/Scripts/ScoreCounter.cs using Guid(f24aa9e9e9a914c078f96cf8903b0d43) Importer(815301076,1909f56bfc062723c751e8b465ee728b)  -> (artifact id: 'c204250752b81bd4c52ca74e51a09bc4') in 0.006925 seconds
  Import took 0.012872 seconds .

========================================================================
Received Import Request.
  Time since last request: 0.000299 seconds.
  path: Assets/Scripts/BlockSpawn.cs
  artifactKey: Guid(caecb624976b244b497c57c61ef81124) Importer(815301076,1909f56bfc062723c751e8b465ee728b)
Start importing Assets/Scripts/BlockSpawn.cs using Guid(caecb624976b244b497c57c61ef81124) Importer(815301076,1909f56bfc062723c751e8b465ee728b)  -> (artifact id: 'acc2383162a012d5b203ce17a47ff29e') in 0.005762 seconds
  Import took 0.012409 seconds .

========================================================================
Received Import Request.
  Time since last request: 0.000594 seconds.
  path: Assets/Scripts/GameManager.cs
  artifactKey: Guid(02c8a8a753c1d4da2856253d3a03ea41) Importer(815301076,1909f56bfc062723c751e8b465ee728b)
Start importing Assets/Scripts/GameManager.cs using Guid(02c8a8a753c1d4da2856253d3a03ea41) Importer(815301076,1909f56bfc062723c751e8b465ee728b)  -> (artifact id: '6ebfae3b14f4d51da0dffff8ce99c9b9') in 0.005947 seconds
  Import took 0.012945 seconds .

========================================================================
Received Import Request.
  Time since last request: 0.000329 seconds.
  path: Assets/Scripts/RestartButton.cs
  artifactKey: Guid(ca6bafc3e3e5a4dc999f2315738d5d50) Importer(815301076,1909f56bfc062723c751e8b465ee728b)
Start importing Assets/Scripts/RestartButton.cs using Guid(ca6bafc3e3e5a4dc999f2315738d5d50) Importer(815301076,1909f56bfc062723c751e8b465ee728b)  -> (artifact id: 'e5356b6ba7ba0200b6952e6495541449') in 0.006043 seconds
  Import took 0.013345 seconds .

========================================================================
Received Import Request.
  Time since last request: 0.000257 seconds.
  path: Assets/Scripts/AdReviveButton.cs
  artifactKey: Guid(5952a978506754a219c2bf38ad8bf3fd) Importer(815301076,1909f56bfc062723c751e8b465ee728b)
Start importing Assets/Scripts/AdReviveButton.cs using Guid(5952a978506754a219c2bf38ad8bf3fd) Importer(815301076,1909f56bfc062723c751e8b465ee728b)  -> (artifact id: 'e771bbe55fc91aa04fcea193d5e0b783') in 0.005984 seconds
  Import took 0.011343 seconds .

========================================================================
Received Import Request.
  Time since last request: 0.000296 seconds.
  path: Assets/Scripts/HueEffect.cs
  artifactKey: Guid(2b4086ffec3f64f2d80206698881cdd6) Importer(815301076,1909f56bfc062723c751e8b465ee728b)
Start importing Assets/Scripts/HueEffect.cs using Guid(2b4086ffec3f64f2d80206698881cdd6) Importer(815301076,1909f56bfc062723c751e8b465ee728b)  -> (artifact id: '6e6d00db3d48283ce0020877f50acd48') in 0.005129 seconds
  Import took 0.012217 seconds .

========================================================================
Received Import Request.
  Time since last request: 0.000316 seconds.
  path: Assets/Scripts/PlayerPS.cs
  artifactKey: Guid(71d5e4e3d39664275ba46354e228ca6f) Importer(815301076,1909f56bfc062723c751e8b465ee728b)
Start importing Assets/Scripts/PlayerPS.cs using Guid(71d5e4e3d39664275ba46354e228ca6f) Importer(815301076,1909f56bfc062723c751e8b465ee728b)  -> (artifact id: 'e0fae458ed43b75e45ed74dca4b200cc') in 0.005347 seconds
  Import took 0.010393 seconds .

========================================================================
Received Import Request.
  Time since last request: 0.000238 seconds.
  path: Assets/Scripts/CameraShake.cs
  artifactKey: Guid(dd5f8f4b249d048eb8adcdf3e9ede107) Importer(815301076,1909f56bfc062723c751e8b465ee728b)
Start importing Assets/Scripts/CameraShake.cs using Guid(dd5f8f4b249d048eb8adcdf3e9ede107) Importer(815301076,1909f56bfc062723c751e8b465ee728b)  -> (artifact id: '80d582a65a0ebb68f5f6bde85ddefebb') in 0.005869 seconds
  Import took 0.010324 seconds .

========================================================================
Received Import Request.
  Time since last request: 0.000311 seconds.
  path: Assets/Scripts/GravityEffect.cs
  artifactKey: Guid(98b1c0bbb108644b98338a7e149a7fb7) Importer(815301076,1909f56bfc062723c751e8b465ee728b)
Start importing Assets/Scripts/GravityEffect.cs using Guid(98b1c0bbb108644b98338a7e149a7fb7) Importer(815301076,1909f56bfc062723c751e8b465ee728b)  -> (artifact id: 'd3b5bc7c046c22a514e50f8271dd644c') in 0.006003 seconds
  Import took 0.013221 seconds .

========================================================================
Received Import Request.
  Time since last request: 0.000433 seconds.
  path: Assets/Scripts/SoundManager.cs
  artifactKey: Guid(f4924235f948040aa8cbacf9ee93c4db) Importer(815301076,1909f56bfc062723c751e8b465ee728b)
Start importing Assets/Scripts/SoundManager.cs using Guid(f4924235f948040aa8cbacf9ee93c4db) Importer(815301076,1909f56bfc062723c751e8b465ee728b)  -> (artifact id: 'f4f1af249bf2ff98f397cb03825c1674') in 0.007705 seconds
  Import took 0.016982 seconds .

========================================================================
Received Import Request.
  Time since last request: 0.000447 seconds.
  path: Assets/Scripts/TextMove.cs
  artifactKey: Guid(ee383d129bc8742f59e42c9bf38f6d9e) Importer(815301076,1909f56bfc062723c751e8b465ee728b)
Start importing Assets/Scripts/TextMove.cs using Guid(ee383d129bc8742f59e42c9bf38f6d9e) Importer(815301076,1909f56bfc062723c751e8b465ee728b)  -> (artifact id: 'a6205ae40e290518706b006dc8c2950e') in 0.007863 seconds
  Import took 0.016140 seconds .

========================================================================
Received Import Request.
  Time since last request: 0.000285 seconds.
  path: Assets/Scripts/WaveController.cs
  artifactKey: Guid(7d48d88d4c0544321b4c804297e5ae6a) Importer(815301076,1909f56bfc062723c751e8b465ee728b)
Start importing Assets/Scripts/WaveController.cs using Guid(7d48d88d4c0544321b4c804297e5ae6a) Importer(815301076,1909f56bfc062723c751e8b465ee728b)  -> (artifact id: '6c3514e65bbf549b73560644c5e44cc4') in 0.004241 seconds
  Import took 0.009337 seconds .

========================================================================
Received Import Request.
  Time since last request: 0.000251 seconds.
  path: Assets/Scripts/ObjectManager.cs
  artifactKey: Guid(0802f95fa3ecc46fd844b876b375fed2) Importer(815301076,1909f56bfc062723c751e8b465ee728b)
Start importing Assets/Scripts/ObjectManager.cs using Guid(0802f95fa3ecc46fd844b876b375fed2) Importer(815301076,1909f56bfc062723c751e8b465ee728b)  -> (artifact id: 'd25336be5a793fde3bedac488d3792ff') in 0.005637 seconds
  Import took 0.010560 seconds .

========================================================================
Received Import Request.
  Time since last request: 0.000334 seconds.
  path: Assets/Scripts/ViewportHandler.cs
  artifactKey: Guid(bed1f5300a27a42b3a2cdd02edfd2f5a) Importer(815301076,1909f56bfc062723c751e8b465ee728b)
Start importing Assets/Scripts/ViewportHandler.cs using Guid(bed1f5300a27a42b3a2cdd02edfd2f5a) Importer(815301076,1909f56bfc062723c751e8b465ee728b)  -> (artifact id: '96438344893cb7f4a16a8cb5672b7479') in 0.005405 seconds
  Import took 0.012319 seconds .

========================================================================
Received Import Request.
  Time since last request: 0.000359 seconds.
  path: Assets/Scripts/GameWaveManager.cs
  artifactKey: Guid(01e5fa7bba54344e98f69fb0d61c8332) Importer(815301076,1909f56bfc062723c751e8b465ee728b)
Start importing Assets/Scripts/GameWaveManager.cs using Guid(01e5fa7bba54344e98f69fb0d61c8332) Importer(815301076,1909f56bfc062723c751e8b465ee728b)  -> (artifact id: 'd6a1279b1ccfab828d5799596802eb88') in 0.007365 seconds
  Import took 0.015143 seconds .

========================================================================
Received Import Request.
  Time since last request: 0.000249 seconds.
  path: Assets/Scripts/GravityManager.cs
  artifactKey: Guid(4bba7eecebffc4570ab3ff9cb24a96d9) Importer(815301076,1909f56bfc062723c751e8b465ee728b)
Start importing Assets/Scripts/GravityManager.cs using Guid(4bba7eecebffc4570ab3ff9cb24a96d9) Importer(815301076,1909f56bfc062723c751e8b465ee728b)  -> (artifact id: 'de524b660c26927a8f0dedd359223368') in 0.004309 seconds
  Import took 0.009186 seconds .

========================================================================
Received Import Request.
  Time since last request: 0.000283 seconds.
  path: Assets/Scripts/PostProcessScript.cs
  artifactKey: Guid(466da856ca5c84387aac82a9b6562412) Importer(815301076,1909f56bfc062723c751e8b465ee728b)
Start importing Assets/Scripts/PostProcessScript.cs using Guid(466da856ca5c84387aac82a9b6562412) Importer(815301076,1909f56bfc062723c751e8b465ee728b)  -> (artifact id: '553f4d59e81637327c35fb2633d2e8b0') in 0.005694 seconds
  Import took 0.010286 seconds .

========================================================================
Received Import Request.
  Time since last request: 0.000350 seconds.
  path: Assets/Scripts/TailSystem.cs
  artifactKey: Guid(92f891d79604d42f08f493105797f919) Importer(815301076,1909f56bfc062723c751e8b465ee728b)
Start importing Assets/Scripts/TailSystem.cs using Guid(92f891d79604d42f08f493105797f919) Importer(815301076,1909f56bfc062723c751e8b465ee728b)  -> (artifact id: '55363f6cf82470aa5af2df8582103b45') in 0.006383 seconds
  Import took 0.013525 seconds .

========================================================================
Received Import Request.
  Time since last request: 0.000707 seconds.
  path: Assets/Scripts/PlayerDestroyedScript.cs
  artifactKey: Guid(61d4a43ef0bdf4619908b80c0cdec4bd) Importer(815301076,1909f56bfc062723c751e8b465ee728b)
Start importing Assets/Scripts/PlayerDestroyedScript.cs using Guid(61d4a43ef0bdf4619908b80c0cdec4bd) Importer(815301076,1909f56bfc062723c751e8b465ee728b)  -> (artifact id: '24a245afb1d1346e5ab686534449b27d') in 0.007811 seconds
  Import took 0.016339 seconds .

========================================================================
Received Import Request.
  Time since last request: 0.000407 seconds.
  path: Assets/Scripts/TapMovement.cs
  artifactKey: Guid(314c810237f1648539a6153462af4a58) Importer(815301076,1909f56bfc062723c751e8b465ee728b)
Start importing Assets/Scripts/TapMovement.cs using Guid(314c810237f1648539a6153462af4a58) Importer(815301076,1909f56bfc062723c751e8b465ee728b)  -> (artifact id: 'a5c5b550e140db7c1e4a7ad5af2854c2') in 0.004423 seconds
  Import took 0.010420 seconds .

========================================================================
Received Import Request.
  Time since last request: 0.000267 seconds.
  path: Assets/Scripts/DestroyedParticleMovement.cs
  artifactKey: Guid(994571ce5344243feac3576072cf5566) Importer(815301076,1909f56bfc062723c751e8b465ee728b)
Start importing Assets/Scripts/DestroyedParticleMovement.cs using Guid(994571ce5344243feac3576072cf5566) Importer(815301076,1909f56bfc062723c751e8b465ee728b)  -> (artifact id: '0b687bc30623bf61fce9c7db8df1ee09') in 0.006174 seconds
  Import took 0.011539 seconds .

========================================================================
Received Import Request.
  Time since last request: 1846.410693 seconds.
  path: Packages/com.unity.render-pipelines.core
  artifactKey: Guid(fa2fec639fb8149193707851fce7d38b) Importer(815301076,1909f56bfc062723c751e8b465ee728b)
Start importing Packages/com.unity.render-pipelines.core using Guid(fa2fec639fb8149193707851fce7d38b) Importer(815301076,1909f56bfc062723c751e8b465ee728b)  -> (artifact id: '5f0d7b237467b34d45e951462bb2dc47') in 0.003919 seconds
  Import took 0.009173 seconds .

========================================================================
Received Import Request.
  Time since last request: 0.000278 seconds.
  path: Packages/com.unity.ide.visualstudio
  artifactKey: Guid(9db636ca49aa246019dd93b7c8b689f4) Importer(815301076,1909f56bfc062723c751e8b465ee728b)
Start importing Packages/com.unity.ide.visualstudio using Guid(9db636ca49aa246019dd93b7c8b689f4) Importer(815301076,1909f56bfc062723c751e8b465ee728b)  -> (artifact id: 'ac78229861d88c219c825be7c461f9d7') in 0.004858 seconds
  Import took 0.010620 seconds .

========================================================================
Received Import Request.
  Time since last request: 0.000393 seconds.
  path: Packages/com.unity.ext.nunit
  artifactKey: Guid(25a477c2f24db8778a4179421a32cc21) Importer(815301076,1909f56bfc062723c751e8b465ee728b)
Start importing Packages/com.unity.ext.nunit using Guid(25a477c2f24db8778a4179421a32cc21) Importer(815301076,1909f56bfc062723c751e8b465ee728b)  -> (artifact id: '0a758ab8a84eb113c3c9765e961340cc') in 0.006882 seconds
  Import took 0.012764 seconds .

========================================================================
Received Import Request.
  Time since last request: 0.000287 seconds.
  path: Packages/com.unity.searcher
  artifactKey: Guid(80f043ea1b361efa48c82eff6a154ef4) Importer(815301076,1909f56bfc062723c751e8b465ee728b)
Start importing Packages/com.unity.searcher using Guid(80f043ea1b361efa48c82eff6a154ef4) Importer(815301076,1909f56bfc062723c751e8b465ee728b)  -> (artifact id: '92b62266a0cfc6078a4fb3a08533dda3') in 0.004568 seconds
  Import took 0.010669 seconds .

========================================================================
Received Import Request.
  Time since last request: 0.000342 seconds.
  path: Packages/com.unity.collab-proxy
  artifactKey: Guid(1adad61bfb44214ee3e887b5febc4396) Importer(815301076,1909f56bfc062723c751e8b465ee728b)
Start importing Packages/com.unity.collab-proxy using Guid(1adad61bfb44214ee3e887b5febc4396) Importer(815301076,1909f56bfc062723c751e8b465ee728b)  -> (artifact id: '8e8031925d16888fac8c9f89b01d4808') in 0.004167 seconds
  Import took 0.010887 seconds .

========================================================================
Received Import Request.
  Time since last request: 0.000305 seconds.
  path: Packages/com.unity.render-pipelines.universal
  artifactKey: Guid(87f3e00faee74b02e6227b1c727beb50) Importer(815301076,1909f56bfc062723c751e8b465ee728b)
Start importing Packages/com.unity.render-pipelines.universal using Guid(87f3e00faee74b02e6227b1c727beb50) Importer(815301076,1909f56bfc062723c751e8b465ee728b)  -> (artifact id: 'a2d0bce9c3a8326242c5f97c88e7d7f7') in 0.005567 seconds
  Import took 0.011299 seconds .

========================================================================
Received Import Request.
  Time since last request: 0.000272 seconds.
  path: Packages/com.unity.ide.vscode
  artifactKey: Guid(1c61a04a5b7737c4d16673d64be4194e) Importer(815301076,1909f56bfc062723c751e8b465ee728b)
Start importing Packages/com.unity.ide.vscode using Guid(1c61a04a5b7737c4d16673d64be4194e) Importer(815301076,1909f56bfc062723c751e8b465ee728b)  -> (artifact id: '3acd2f0488d78c4a5e07b99ca2865d2e') in 0.003979 seconds
  Import took 0.009680 seconds .

========================================================================
Received Import Request.
  Time since last request: 0.000318 seconds.
  path: Packages/com.unity.test-framework
  artifactKey: Guid(6023f2b823fc19b4e4a90875281ff117) Importer(815301076,1909f56bfc062723c751e8b465ee728b)
Start importing Packages/com.unity.test-framework using Guid(6023f2b823fc19b4e4a90875281ff117) Importer(815301076,1909f56bfc062723c751e8b465ee728b)  -> (artifact id: 'f6ac47f08ba69ead8ccbf7eb925ba7c1') in 0.005427 seconds
  Import took 0.011702 seconds .

========================================================================
Received Import Request.
  Time since last request: 0.000361 seconds.
  path: Packages/com.unity.ugui
  artifactKey: Guid(8f7652e09069a1943278893d4264401e) Importer(815301076,1909f56bfc062723c751e8b465ee728b)
Start importing Packages/com.unity.ugui using Guid(8f7652e09069a1943278893d4264401e) Importer(815301076,1909f56bfc062723c751e8b465ee728b)  -> (artifact id: '8cb9e97a83bda9b0122102069a0c615b') in 0.003927 seconds
  Import took 0.009035 seconds .

========================================================================
Received Import Request.
  Time since last request: 0.000268 seconds.
  path: Packages/com.unity.shadergraph
  artifactKey: Guid(e7bcc7ca0c1a2a5e608ecad153be0f2d) Importer(815301076,1909f56bfc062723c751e8b465ee728b)
Start importing Packages/com.unity.shadergraph using Guid(e7bcc7ca0c1a2a5e608ecad153be0f2d) Importer(815301076,1909f56bfc062723c751e8b465ee728b)  -> (artifact id: '3e2f00bf3ef756f360d0747cb01ec865') in 0.004810 seconds
  Import took 0.010451 seconds .

========================================================================
Received Import Request.
  Time since last request: 0.000273 seconds.
  path: Packages/com.unity.textmeshpro
  artifactKey: Guid(cabaa672b0e3ee91fa7b6da4daab7970) Importer(815301076,1909f56bfc062723c751e8b465ee728b)
Start importing Packages/com.unity.textmeshpro using Guid(cabaa672b0e3ee91fa7b6da4daab7970) Importer(815301076,1909f56bfc062723c751e8b465ee728b)  -> (artifact id: '2dedaf9cd085bc1c2ed26c1290eacad3') in 0.005554 seconds
  Import took 0.011400 seconds .

========================================================================
Received Import Request.
  Time since last request: 0.000363 seconds.
  path: Packages/com.unity.render-pipelines.core
  artifactKey: Guid(fa2fec639fb8149193707851fce7d38b) Importer(815301076,1909f56bfc062723c751e8b465ee728b)
Start importing Packages/com.unity.render-pipelines.core using Guid(fa2fec639fb8149193707851fce7d38b) Importer(815301076,1909f56bfc062723c751e8b465ee728b)  -> (artifact id: '5f0d7b237467b34d45e951462bb2dc47') in 0.004193 seconds
  Import took 0.009310 seconds .

========================================================================
Received Import Request.
  Time since last request: 0.000280 seconds.
  path: Packages/com.unity.timeline
  artifactKey: Guid(a4610cf559d77b9f256416d9ccaeac55) Importer(815301076,1909f56bfc062723c751e8b465ee728b)
Start importing Packages/com.unity.timeline using Guid(a4610cf559d77b9f256416d9ccaeac55) Importer(815301076,1909f56bfc062723c751e8b465ee728b)  -> (artifact id: '6aadaeb7e50bea0f5ad139bf45b27732') in 0.004170 seconds
  Import took 0.010069 seconds .

========================================================================
Received Prepare
Reloading mono domain
Begin MonoManager ReloadAssembly
Registering precompiled unity dll's ...
Register platform support module: /Applications/Unity/Hub/Editor/2020.2.0b2/PlaybackEngines/WebGLSupport/UnityEditor.WebGL.Extensions.dll
Register platform support module: /Applications/Unity/Hub/Editor/2020.2.0b2/Unity.app/Contents/PlaybackEngines/MacStandaloneSupport/UnityEditor.OSXStandalone.Extensions.dll
Registered in 0.001212 seconds.
Symbol file LoadedFromMemory doesn't match image /Users/Alex/Documents/GitHub/GameDev/UnityProjects/KatchyKoi/Library/PackageCache/com.unity.ext.nunit@1.0.0/net35/unity-custom/nunit.framework.dll
Native extension for OSXStandalone target not found
Native extension for WebGL target not found
Refreshing native plugins compatible for Editor in 58.56 ms, found 1 plugins.
Preloading 0 native plugins for Editor in 0.00 ms.
Invoked RoslynAnalysisRunner static constructor.
RoslynAnalysisRunner will not be running.
RoslynAnalysisRunner has terminated.
Mono: successfully reloaded assembly
- Completed reload, in  1.317 seconds
Registering precompiled user dll's ...
Registered in 0.209303 seconds.
Platform modules already initialized, skipping
Begin MonoManager ReloadAssembly
Symbol file LoadedFromMemory doesn't match image /Users/Alex/Documents/GitHub/GameDev/UnityProjects/KatchyKoi/Library/PackageCache/com.unity.ext.nunit@1.0.0/net35/unity-custom/nunit.framework.dll
Native extension for OSXStandalone target not found
Native extension for WebGL target not found
Refreshing native plugins compatible for Editor in 0.69 ms, found 1 plugins.
Preloading 0 native plugins for Editor in 0.00 ms.
Invoked RoslynAnalysisRunner static constructor.
RoslynAnalysisRunner will not be running.
RoslynAnalysisRunner has terminated.
Mono: successfully reloaded assembly
- Completed reload, in  1.065 seconds
Platform modules already initialized, skipping
Shader 'Universal Render Pipeline/Particles/Lit': fallback shader 'Universal Render Pipeline/Particles/SimpleLit' not found
Shader 'Universal Render Pipeline/Particles/Lit': fallback shader 'Universal Render Pipeline/Particles/SimpleLit' not found
Refreshing native plugins compatible for Editor in 0.51 ms, found 1 plugins.
Preloading 0 native plugins for Editor in 0.00 ms.
Unloading 157 Unused Serialized files (Serialized files now loaded: 0)
System memory in use before: 130.0 MB.
System memory in use after: 128.0 MB.

Unloading 63 unused Assets to reduce memory usage. Loaded Objects now: 2506.
Total: 3.258035 ms (FindLiveObjects: 0.442707 ms CreateObjectMapping: 0.119759 ms MarkObjects: 1.480269 ms  DeleteObjects: 1.214232 ms)

========================================================================
Received Import Request.
  Time since last request: 106.525247 seconds.
  path: Packages/com.unity.ads
  artifactKey: Guid(17b632677410799367a53dc7ab96a8c2) Importer(815301076,1909f56bfc062723c751e8b465ee728b)
Start importing Packages/com.unity.ads using Guid(17b632677410799367a53dc7ab96a8c2) Importer(815301076,1909f56bfc062723c751e8b465ee728b)  -> (artifact id: '2c730ab214e111b1e7e0358b65d67961') in 0.010180 seconds
  Import took 0.015703 seconds .

========================================================================
Received Prepare
Reloading mono domain
Begin MonoManager ReloadAssembly
Registering precompiled unity dll's ...
Register platform support module: /Applications/Unity/Hub/Editor/2020.2.0b2/PlaybackEngines/WebGLSupport/UnityEditor.WebGL.Extensions.dll
Register platform support module: /Applications/Unity/Hub/Editor/2020.2.0b2/Unity.app/Contents/PlaybackEngines/MacStandaloneSupport/UnityEditor.OSXStandalone.Extensions.dll
Registered in 0.000973 seconds.
Symbol file LoadedFromMemory doesn't match image /Users/Alex/Documents/GitHub/GameDev/UnityProjects/KatchyKoi/Library/PackageCache/com.unity.ext.nunit@1.0.0/net35/unity-custom/nunit.framework.dll
Native extension for OSXStandalone target not found
Native extension for WebGL target not found
Refreshing native plugins compatible for Editor in 69.44 ms, found 1 plugins.
Preloading 0 native plugins for Editor in 0.00 ms.
Invoked RoslynAnalysisRunner static constructor.
RoslynAnalysisRunner will not be running.
RoslynAnalysisRunner has terminated.
Mono: successfully reloaded assembly
- Completed reload, in  1.248 seconds
Registering precompiled user dll's ...
Registered in 0.181745 seconds.
Platform modules already initialized, skipping
Begin MonoManager ReloadAssembly
Symbol file LoadedFromMemory doesn't match image /Users/Alex/Documents/GitHub/GameDev/UnityProjects/KatchyKoi/Library/PackageCache/com.unity.ext.nunit@1.0.0/net35/unity-custom/nunit.framework.dll
Native extension for OSXStandalone target not found
Native extension for WebGL target not found
Refreshing native plugins compatible for Editor in 0.52 ms, found 1 plugins.
Preloading 0 native plugins for Editor in 0.00 ms.
Invoked RoslynAnalysisRunner static constructor.
RoslynAnalysisRunner will not be running.
RoslynAnalysisRunner has terminated.
Mono: successfully reloaded assembly
- Completed reload, in  1.158 seconds
Platform modules already initialized, skipping
Shader 'Universal Render Pipeline/Particles/Lit': fallback shader 'Universal Render Pipeline/Particles/SimpleLit' not found
Shader 'Universal Render Pipeline/Particles/Lit': fallback shader 'Universal Render Pipeline/Particles/SimpleLit' not found
Refreshing native plugins compatible for Editor in 0.54 ms, found 1 plugins.
Preloading 0 native plugins for Editor in 0.00 ms.
Unloading 68 Unused Serialized files (Serialized files now loaded: 0)
System memory in use before: 131.0 MB.
System memory in use after: 129.1 MB.

Unloading 63 unused Assets to reduce memory usage. Loaded Objects now: 2510.
Total: 3.876117 ms (FindLiveObjects: 0.508927 ms CreateObjectMapping: 0.119487 ms MarkObjects: 1.829339 ms  DeleteObjects: 1.417095 ms)

========================================================================
Received Import Request.
  Time since last request: 281.625467 seconds.
  path: Assets/Audio/AudioFiles
  artifactKey: Guid(f22cdf6b295a54d709ce09b4b73d641a) Importer(815301076,1909f56bfc062723c751e8b465ee728b)
Start importing Assets/Audio/AudioFiles using Guid(f22cdf6b295a54d709ce09b4b73d641a) Importer(815301076,1909f56bfc062723c751e8b465ee728b)  -> (artifact id: '33d373aa9fe0a7120dfecbac90e39464') in 0.006090 seconds
  Import took 0.011166 seconds .

========================================================================
Received Import Request.
  Time since last request: 0.000239 seconds.
  path: Assets/Audio/Shake_audio.prefab
  artifactKey: Guid(92242b3da73174fa1a90130d4c757ad5) Importer(815301076,1909f56bfc062723c751e8b465ee728b)
Start importing Assets/Audio/Shake_audio.prefab using Guid(92242b3da73174fa1a90130d4c757ad5) Importer(815301076,1909f56bfc062723c751e8b465ee728b)  -> (artifact id: '07cea033787a8739c6922d36d22e7e08') in 0.456485 seconds
  Import took 0.462800 seconds .

========================================================================
Received Import Request.
  Time since last request: 0.000265 seconds.
  path: Assets/Audio/WaveAudio 3.prefab
  artifactKey: Guid(da843344d99c74097b5e514c06a900aa) Importer(815301076,1909f56bfc062723c751e8b465ee728b)
Start importing Assets/Audio/WaveAudio 3.prefab using Guid(da843344d99c74097b5e514c06a900aa) Importer(815301076,1909f56bfc062723c751e8b465ee728b)  -> (artifact id: '25721b7db56496d6de778c5932651491') in 0.007142 seconds
  Import took 0.013315 seconds .

========================================================================
Received Import Request.
  Time since last request: 0.000253 seconds.
  path: Assets/Audio/WaveAudio 2.prefab
  artifactKey: Guid(0447b39a15d3146d59dcac8509a2e667) Importer(815301076,1909f56bfc062723c751e8b465ee728b)
Start importing Assets/Audio/WaveAudio 2.prefab using Guid(0447b39a15d3146d59dcac8509a2e667) Importer(815301076,1909f56bfc062723c751e8b465ee728b)  -> (artifact id: '5c71b8a62945d050d11a1160ab1d9d86') in 0.008860 seconds
  Import took 0.015279 seconds .

========================================================================
Received Import Request.
  Time since last request: 0.000403 seconds.
  path: Assets/Audio/C3_Block.prefab
  artifactKey: Guid(84739caf442bb41f992ca3acdeba7bd6) Importer(815301076,1909f56bfc062723c751e8b465ee728b)
Start importing Assets/Audio/C3_Block.prefab using Guid(84739caf442bb41f992ca3acdeba7bd6) Importer(815301076,1909f56bfc062723c751e8b465ee728b)  -> (artifact id: 'bcb28b031d2c1f08b3d12634247585e3') in 0.009217 seconds
  Import took 0.014832 seconds .

========================================================================
Received Import Request.
  Time since last request: 0.000287 seconds.
  path: Assets/Audio/SpecialAudio.prefab
  artifactKey: Guid(739751214dd994c8cabcf21d7a1edc04) Importer(815301076,1909f56bfc062723c751e8b465ee728b)
Start importing Assets/Audio/SpecialAudio.prefab using Guid(739751214dd994c8cabcf21d7a1edc04) Importer(815301076,1909f56bfc062723c751e8b465ee728b)  -> (artifact id: '14abc9904b511de08a825d9f56060a8d') in 0.008600 seconds
  Import took 0.013652 seconds .

========================================================================
Received Import Request.
  Time since last request: 0.000231 seconds.
  path: Assets/Audio/TempAudio.cs
  artifactKey: Guid(611eeafb11158444bac852ed3e0e990f) Importer(815301076,1909f56bfc062723c751e8b465ee728b)
Start importing Assets/Audio/TempAudio.cs using Guid(611eeafb11158444bac852ed3e0e990f) Importer(815301076,1909f56bfc062723c751e8b465ee728b)  -> (artifact id: '8d14a08bd138f6a3b34fcf96cea86a8a') in 0.005287 seconds
  Import took 0.009647 seconds .

========================================================================
Received Import Request.
  Time since last request: 0.000316 seconds.
  path: Assets/Audio/WaveAudio 5.prefab
  artifactKey: Guid(e975f36519e474c1c87b97a27a6ce0ad) Importer(815301076,1909f56bfc062723c751e8b465ee728b)
Start importing Assets/Audio/WaveAudio 5.prefab using Guid(e975f36519e474c1c87b97a27a6ce0ad) Importer(815301076,1909f56bfc062723c751e8b465ee728b)  -> (artifact id: 'b8fbdd1b8123bf7e26c32c8348099446') in 0.009773 seconds
  Import took 0.014685 seconds .

========================================================================
Received Import Request.
  Time since last request: 0.000234 seconds.
  path: Assets/Audio/WaveAudio 4.prefab
  artifactKey: Guid(eef242d584fd0496d9dac141f570f936) Importer(815301076,1909f56bfc062723c751e8b465ee728b)
Start importing Assets/Audio/WaveAudio 4.prefab using Guid(eef242d584fd0496d9dac141f570f936) Importer(815301076,1909f56bfc062723c751e8b465ee728b)  -> (artifact id: '022a418426cad544aa11c46f944408a8') in 0.005623 seconds
  Import took 0.010131 seconds .

========================================================================
Received Import Request.
  Time since last request: 0.000217 seconds.
  path: Assets/Audio/BackgroundAudio.prefab
  artifactKey: Guid(ab8294d28911e40218b7fc668f1bceba) Importer(815301076,1909f56bfc062723c751e8b465ee728b)
Start importing Assets/Audio/BackgroundAudio.prefab using Guid(ab8294d28911e40218b7fc668f1bceba) Importer(815301076,1909f56bfc062723c751e8b465ee728b)  -> (artifact id: '7e8e79c4702975d9afbb0211875f8ceb') in 0.009197 seconds
  Import took 0.013650 seconds .

========================================================================
Received Import Request.
  Time since last request: 0.000221 seconds.
  path: Assets/Audio/WaveAudio 1.prefab
  artifactKey: Guid(c48b7f5c323ae435289b746be48f985a) Importer(815301076,1909f56bfc062723c751e8b465ee728b)
Start importing Assets/Audio/WaveAudio 1.prefab using Guid(c48b7f5c323ae435289b746be48f985a) Importer(815301076,1909f56bfc062723c751e8b465ee728b)  -> (artifact id: 'af04cb6e62ed55f9ede18a2135318a5a') in 0.007106 seconds
  Import took 0.011920 seconds .

========================================================================
Received Import Request.
  Time since last request: 0.000211 seconds.
  path: Assets/Audio/WaveAudio.prefab
  artifactKey: Guid(8990940839f474544977f2424e3e7493) Importer(815301076,1909f56bfc062723c751e8b465ee728b)
Start importing Assets/Audio/WaveAudio.prefab using Guid(8990940839f474544977f2424e3e7493) Importer(815301076,1909f56bfc062723c751e8b465ee728b)  -> (artifact id: '99d62dea00ebf34d4da2f25a12c8fbbc') in 0.008395 seconds
  Import took 0.014006 seconds .

========================================================================
Received Import Request.
  Time since last request: 1.238159 seconds.
  path: Assets/Fonts/Roboto-Black.ttf
  artifactKey: Guid(170e32f6aeb6e453ebb1694fcfd85e15) Importer(815301076,1909f56bfc062723c751e8b465ee728b)
Start importing Assets/Fonts/Roboto-Black.ttf using Guid(170e32f6aeb6e453ebb1694fcfd85e15) Importer(815301076,1909f56bfc062723c751e8b465ee728b)  -> (artifact id: '266d9264d1af656ecfd5e7145a265f10') in 3.054899 seconds
  Import took 3.059804 seconds .

========================================================================
Received Import Request.
  Time since last request: 0.000244 seconds.
  path: Assets/Meshes/RodBlock.fbx
  artifactKey: Guid(c9e34e338b7f5466c8540e0774685620) Importer(815301076,1909f56bfc062723c751e8b465ee728b)
Start importing Assets/Meshes/RodBlock.fbx using Guid(c9e34e338b7f5466c8540e0774685620) Importer(815301076,1909f56bfc062723c751e8b465ee728b)  -> (artifact id: '3e8703695e823e27901fa59d87a2a3eb') in 0.434285 seconds
  Import took 0.438734 seconds .

========================================================================
Received Import Request.
  Time since last request: 0.000204 seconds.
  path: Assets/Fonts/Roboto-Light.ttf
  artifactKey: Guid(cd6efe0439a274a7983953d502e082f7) Importer(815301076,1909f56bfc062723c751e8b465ee728b)
Start importing Assets/Fonts/Roboto-Light.ttf using Guid(cd6efe0439a274a7983953d502e082f7) Importer(815301076,1909f56bfc062723c751e8b465ee728b)  -> (artifact id: 'd3b5bb660755220f24bc282d9eeeec17') in 0.064295 seconds
  Import took 0.068620 seconds .

========================================================================
Received Import Request.
  Time since last request: 0.000258 seconds.
  path: Assets/Meshes/Ripple2.fbx
  artifactKey: Guid(bd56e579a6cba4cc9a3be4d55e679795) Importer(815301076,1909f56bfc062723c751e8b465ee728b)
Start importing Assets/Meshes/Ripple2.fbx using Guid(bd56e579a6cba4cc9a3be4d55e679795) Importer(815301076,1909f56bfc062723c751e8b465ee728b)  -> (artifact id: '1b1f613a4e0433dc74877e4bc874b2af') in 0.064669 seconds
  Import took 0.070625 seconds .

========================================================================
Received Import Request.
  Time since last request: 0.000328 seconds.
  path: Assets/Prefabs/EndGameVolume.prefab
  artifactKey: Guid(90d204bf25b54478d823753251c88516) Importer(815301076,1909f56bfc062723c751e8b465ee728b)
Start importing Assets/Prefabs/EndGameVolume.prefab using Guid(90d204bf25b54478d823753251c88516) Importer(815301076,1909f56bfc062723c751e8b465ee728b)  -> (artifact id: '376968c29472f901c07999309dee4e26') in 0.009735 seconds
  Import took 0.015958 seconds .

========================================================================
Received Import Request.
  Time since last request: 0.000293 seconds.
  path: Assets/Prefabs/ScoreBackground.prefab
  artifactKey: Guid(05afd8625205f419491253f7022c47d2) Importer(815301076,1909f56bfc062723c751e8b465ee728b)
Start importing Assets/Prefabs/ScoreBackground.prefab using Guid(05afd8625205f419491253f7022c47d2) Importer(815301076,1909f56bfc062723c751e8b465ee728b) WARNING: RGB Compressed ETC2 sRGB format is not supported, decompressing texture
 -> (artifact id: '460472bf509bf2ec4f2df4f969a8d572') in 0.161506 seconds
  Import took 0.168248 seconds .

========================================================================
Received Import Request.
  Time since last request: 0.000243 seconds.
  path: Assets/Prefabs/BlockSpecial.prefab
  artifactKey: Guid(7c6e83004c8104287af13b30cf8c9095) Importer(815301076,1909f56bfc062723c751e8b465ee728b)
Start importing Assets/Prefabs/BlockSpecial.prefab using Guid(7c6e83004c8104287af13b30cf8c9095) Importer(815301076,1909f56bfc062723c751e8b465ee728b) WARNING: RGB Compressed ETC2 sRGB format is not supported, decompressing texture
WARNING: RGBA Compressed ETC2 sRGB format is not supported, decompressing texture
 -> (artifact id: '988461cb1046998bc7eb5450804a5cf8') in 0.152983 seconds
  Import took 0.159574 seconds .

========================================================================
Received Import Request.
  Time since last request: 0.000276 seconds.
  path: Assets/Prefabs/blockCube.prefab
  artifactKey: Guid(30bac1cf0634243d4b13bce9ba65c121) Importer(815301076,1909f56bfc062723c751e8b465ee728b)
Start importing Assets/Prefabs/blockCube.prefab using Guid(30bac1cf0634243d4b13bce9ba65c121) Importer(815301076,1909f56bfc062723c751e8b465ee728b)  -> (artifact id: '6218bc48bf1fad3b9273453c259cd41c') in 0.241806 seconds
  Import took 0.246745 seconds .

========================================================================
Received Import Request.
  Time since last request: 0.000306 seconds.
  path: Assets/Prefabs/BGPlane.prefab
  artifactKey: Guid(b86e59e293abd4b54ab5617e2a616246) Importer(815301076,1909f56bfc062723c751e8b465ee728b)
Start importing Assets/Prefabs/BGPlane.prefab using Guid(b86e59e293abd4b54ab5617e2a616246) Importer(815301076,1909f56bfc062723c751e8b465ee728b)  -> (artifact id: 'b2a0f2ae711b7b88dd0f713b7e3b38cf') in 0.103701 seconds
  Import took 0.108417 seconds .

========================================================================
Received Import Request.
  Time since last request: 0.000294 seconds.
  path: Assets/Prefabs/DestroyVolume.prefab
  artifactKey: Guid(7654d9edf3fc243aa968e020dfc7e4c2) Importer(815301076,1909f56bfc062723c751e8b465ee728b)
Start importing Assets/Prefabs/DestroyVolume.prefab using Guid(7654d9edf3fc243aa968e020dfc7e4c2) Importer(815301076,1909f56bfc062723c751e8b465ee728b)  -> (artifact id: '48a1dd8bffc9d70d9ad0086391313c5b') in 0.007083 seconds
  Import took 0.012296 seconds .

========================================================================
Received Import Request.
  Time since last request: 0.000341 seconds.
  path: Assets/Fonts/Roboto-Thin SDF Alt.asset
  artifactKey: Guid(c3d1fe38c0e764209ad9f18b2f34c942) Importer(815301076,1909f56bfc062723c751e8b465ee728b)
Start importing Assets/Fonts/Roboto-Thin SDF Alt.asset using Guid(c3d1fe38c0e764209ad9f18b2f34c942) Importer(815301076,1909f56bfc062723c751e8b465ee728b)  -> (artifact id: '3a817c64c9583e51994b2f06d5d6d598') in 0.297348 seconds
  Import took 0.302388 seconds .

========================================================================
Received Import Request.
  Time since last request: 0.000240 seconds.
  path: Assets/Fonts/Roboto-ThinItalic.ttf
  artifactKey: Guid(e0c4eb13a23944680b31999c0ec312ad) Importer(815301076,1909f56bfc062723c751e8b465ee728b)
Start importing Assets/Fonts/Roboto-ThinItalic.ttf using Guid(e0c4eb13a23944680b31999c0ec312ad) Importer(815301076,1909f56bfc062723c751e8b465ee728b)  -> (artifact id: 'd90945f5f70f726b1114cdada5504cc7') in 0.067472 seconds
  Import took 0.072802 seconds .

========================================================================
Received Import Request.
  Time since last request: 0.000284 seconds.
  path: Assets/TextMesh Pro/Sprites
  artifactKey: Guid(d0603b6d5186471b96c778c3949c7ce2) Importer(815301076,1909f56bfc062723c751e8b465ee728b)
Start importing Assets/TextMesh Pro/Sprites using Guid(d0603b6d5186471b96c778c3949c7ce2) Importer(815301076,1909f56bfc062723c751e8b465ee728b)  -> (artifact id: '5f93624ff1b1ffb114bd836ba2d99e6d') in 0.004201 seconds
  Import took 0.010220 seconds .

========================================================================
Received Import Request.
  Time since last request: 0.000405 seconds.
  path: Assets/Fonts/Roboto-BoldItalic.ttf
  artifactKey: Guid(d39934cf86e05484eb1f595bf99fea09) Importer(815301076,1909f56bfc062723c751e8b465ee728b)
Start importing Assets/Fonts/Roboto-BoldItalic.ttf using Guid(d39934cf86e05484eb1f595bf99fea09) Importer(815301076,1909f56bfc062723c751e8b465ee728b)  -> (artifact id: 'bacb42d5c173e55ca298bddeb090eb12') in 0.068444 seconds
  Import took 0.074425 seconds .

========================================================================
Received Import Request.
  Time since last request: 0.000311 seconds.
  path: Assets/Prefabs/Wave.prefab
  artifactKey: Guid(d10f630315a984bef836a9df2dc1b99e) Importer(815301076,1909f56bfc062723c751e8b465ee728b)
Start importing Assets/Prefabs/Wave.prefab using Guid(d10f630315a984bef836a9df2dc1b99e) Importer(815301076,1909f56bfc062723c751e8b465ee728b) WARNING: RGBA Compressed ETC2 sRGB format is not supported, decompressing texture
 -> (artifact id: '4008654181b8ed6d96438bdb0fe2c370') in 0.179959 seconds
  Import took 0.186076 seconds .

========================================================================
Received Import Request.
  Time since last request: 0.000223 seconds.
  path: Assets/Fonts/Roboto-Thin.ttf
  artifactKey: Guid(22283cb5be81e427aa7ddc78455ffc79) Importer(815301076,1909f56bfc062723c751e8b465ee728b)
Start importing Assets/Fonts/Roboto-Thin.ttf using Guid(22283cb5be81e427aa7ddc78455ffc79) Importer(815301076,1909f56bfc062723c751e8b465ee728b)  -> (artifact id: '91b858b2e84e95d5dff095b2cfb63956') in 0.065811 seconds
  Import took 0.070454 seconds .

========================================================================
Received Import Request.
  Time since last request: 0.000253 seconds.
  path: Assets/Prefabs/Tutorial Sprites.prefab
  artifactKey: Guid(236bac4f04c2649849e669d13e413091) Importer(815301076,1909f56bfc062723c751e8b465ee728b)
Start importing Assets/Prefabs/Tutorial Sprites.prefab using Guid(236bac4f04c2649849e669d13e413091) Importer(815301076,1909f56bfc062723c751e8b465ee728b) WARNING: RGBA Compressed ETC2 sRGB format is not supported, decompressing texture
 -> (artifact id: 'd3f74e5c46b497d71d85dd205eac19de') in 0.119839 seconds
  Import took 0.125129 seconds .

========================================================================
Received Import Request.
  Time since last request: 0.000317 seconds.
  path: Assets/Prefabs/Ripple.prefab
  artifactKey: Guid(68305506497ff4d7dbe6c5d57d99d5e0) Importer(815301076,1909f56bfc062723c751e8b465ee728b)
Start importing Assets/Prefabs/Ripple.prefab using Guid(68305506497ff4d7dbe6c5d57d99d5e0) Importer(815301076,1909f56bfc062723c751e8b465ee728b) WARNING: RGB Compressed ETC2 sRGB format is not supported, decompressing texture
 -> (artifact id: '5e43d5d445e05dbcd873731ce0158791') in 0.064898 seconds
  Import took 0.070071 seconds .

========================================================================
Received Import Request.
  Time since last request: 0.000310 seconds.
  path: Assets/Fonts/Roboto-BlackItalic.ttf
  artifactKey: Guid(c2681a79721494ffda7753eb4be9d89c) Importer(815301076,1909f56bfc062723c751e8b465ee728b)
Start importing Assets/Fonts/Roboto-BlackItalic.ttf using Guid(c2681a79721494ffda7753eb4be9d89c) Importer(815301076,1909f56bfc062723c751e8b465ee728b)  -> (artifact id: '293d96abca35a16ad6d263cce7174fdf') in 0.065080 seconds
  Import took 0.069927 seconds .

========================================================================
Received Import Request.
  Time since last request: 0.000266 seconds.
  path: Assets/TextMesh Pro/Documentation
  artifactKey: Guid(8e7e8f5a82a3a134e91c54efd2274ea9) Importer(815301076,1909f56bfc062723c751e8b465ee728b)
Start importing Assets/TextMesh Pro/Documentation using Guid(8e7e8f5a82a3a134e91c54efd2274ea9) Importer(815301076,1909f56bfc062723c751e8b465ee728b)  -> (artifact id: 'e443a00e4511fb70ee07e539ec0e8988') in 0.004116 seconds
  Import took 0.009400 seconds .

========================================================================
Received Import Request.
  Time since last request: 0.000292 seconds.
  path: Assets/Fonts/Roboto-Italic.ttf
  artifactKey: Guid(12b37b806b1404c4c84637798475d847) Importer(815301076,1909f56bfc062723c751e8b465ee728b)
Start importing Assets/Fonts/Roboto-Italic.ttf using Guid(12b37b806b1404c4c84637798475d847) Importer(815301076,1909f56bfc062723c751e8b465ee728b)  -> (artifact id: 'f5bf6a17eff3b3d554188a55e036f25b') in 0.080816 seconds
  Import took 0.086023 seconds .

========================================================================
Received Import Request.
  Time since last request: 0.000350 seconds.
  path: Assets/Prefabs/BlockSpawner.prefab
  artifactKey: Guid(88030cd22c275492093c53598f1fbe9e) Importer(815301076,1909f56bfc062723c751e8b465ee728b)
Start importing Assets/Prefabs/BlockSpawner.prefab using Guid(88030cd22c275492093c53598f1fbe9e) Importer(815301076,1909f56bfc062723c751e8b465ee728b)  -> (artifact id: '9558d3e2d9db54a4b011b958fe33c551') in 0.014328 seconds
  Import took 0.022526 seconds .

========================================================================
Received Import Request.
  Time since last request: 0.000337 seconds.
  path: Assets/Prefabs/PlayerDestroyed_PS.prefab
  artifactKey: Guid(9e691eb72adf44aad9149a22d5141d97) Importer(815301076,1909f56bfc062723c751e8b465ee728b)
Start importing Assets/Prefabs/PlayerDestroyed_PS.prefab using Guid(9e691eb72adf44aad9149a22d5141d97) Importer(815301076,1909f56bfc062723c751e8b465ee728b)  -> (artifact id: '178d35361c4cfe0b242f4870211002ca') in 0.013109 seconds
  Import took 0.019672 seconds .

========================================================================
Received Import Request.
  Time since last request: 0.000346 seconds.
  path: Assets/Fonts/Roboto-LightItalic.ttf
  artifactKey: Guid(70421087cc3da4fb2ac2e9bd05f66e97) Importer(815301076,1909f56bfc062723c751e8b465ee728b)
Start importing Assets/Fonts/Roboto-LightItalic.ttf using Guid(70421087cc3da4fb2ac2e9bd05f66e97) Importer(815301076,1909f56bfc062723c751e8b465ee728b)  -> (artifact id: 'aa1dd5a3bf614b2077a0905e51db0bf7') in 0.064498 seconds
  Import took 0.070841 seconds .

========================================================================
Received Import Request.
  Time since last request: 0.000329 seconds.
  path: Assets/Fonts/Roboto-Thin SDF.asset
  artifactKey: Guid(7e6ad2915580642e29f0fb81a05eaef6) Importer(815301076,1909f56bfc062723c751e8b465ee728b)
Start importing Assets/Fonts/Roboto-Thin SDF.asset using Guid(7e6ad2915580642e29f0fb81a05eaef6) Importer(815301076,1909f56bfc062723c751e8b465ee728b)  -> (artifact id: 'd6f8197a829ac1c847f1a87e97e6c899') in 0.246789 seconds
  Import took 0.252051 seconds .

========================================================================
Received Import Request.
  Time since last request: 0.000262 seconds.
  path: Assets/Prefabs/Player.prefab
  artifactKey: Guid(2cc369c3cef7644f08fdbfc18657d367) Importer(815301076,1909f56bfc062723c751e8b465ee728b)
Start importing Assets/Prefabs/Player.prefab using Guid(2cc369c3cef7644f08fdbfc18657d367) Importer(815301076,1909f56bfc062723c751e8b465ee728b) WARNING: RGBA Compressed ETC2 sRGB format is not supported, decompressing texture
WARNING: RGBA Compressed ETC2 sRGB format is not supported, decompressing texture
WARNING: RGBA Compressed ETC2 sRGB format is not supported, decompressing texture
WARNING: RGB Compressed ETC2 sRGB format is not supported, decompressing texture
 -> (artifact id: '11c48a08a3fb511083772bd95d04718c') in 0.301860 seconds
  Import took 0.306926 seconds .

========================================================================
Received Import Request.
  Time since last request: 0.000304 seconds.
  path: Assets/TextMesh Pro/Resources
  artifactKey: Guid(243e06394e614e5d99fab26083b707fa) Importer(815301076,1909f56bfc062723c751e8b465ee728b)
Start importing Assets/TextMesh Pro/Resources using Guid(243e06394e614e5d99fab26083b707fa) Importer(815301076,1909f56bfc062723c751e8b465ee728b)  -> (artifact id: 'fd5450ee5163b3217d4a625b610527dd') in 0.003553 seconds
  Import took 0.008982 seconds .

========================================================================
Received Import Request.
  Time since last request: 0.000264 seconds.
  path: Assets/Prefabs/BlockSpecial2.prefab
  artifactKey: Guid(724fd51b3d4a0478793fb1dfb42ae2c9) Importer(815301076,1909f56bfc062723c751e8b465ee728b)
Start importing Assets/Prefabs/BlockSpecial2.prefab using Guid(724fd51b3d4a0478793fb1dfb42ae2c9) Importer(815301076,1909f56bfc062723c751e8b465ee728b) WARNING: RGB Compressed ETC2 sRGB format is not supported, decompressing texture
WARNING: RGBA Compressed ETC2 sRGB format is not supported, decompressing texture
 -> (artifact id: '1e831fd1d4e637c9e41e1dfaf4bc955b') in 0.041393 seconds
  Import took 0.047213 seconds .

========================================================================
Received Import Request.
  Time since last request: 0.000274 seconds.
  path: Assets/Prefabs/LastHueQuad.prefab
  artifactKey: Guid(0f0864182831748d3b8ba141e7260a02) Importer(815301076,1909f56bfc062723c751e8b465ee728b)
Start importing Assets/Prefabs/LastHueQuad.prefab using Guid(0f0864182831748d3b8ba141e7260a02) Importer(815301076,1909f56bfc062723c751e8b465ee728b)  -> (artifact id: 'b14d1e0cb4fdfdd48e828a3df9256bfc') in 0.022902 seconds
  Import took 0.031780 seconds .

========================================================================
Received Import Request.
  Time since last request: 0.000321 seconds.
  path: Assets/Prefabs/Main Camera.prefab
  artifactKey: Guid(4549e9d5d5f4e40d7aec964a139f9d15) Importer(815301076,1909f56bfc062723c751e8b465ee728b)
Start importing Assets/Prefabs/Main Camera.prefab using Guid(4549e9d5d5f4e40d7aec964a139f9d15) Importer(815301076,1909f56bfc062723c751e8b465ee728b)  -> (artifact id: '3ec69ec8e122cde7458b8175ae7331a1') in 0.013993 seconds
  Import took 0.021671 seconds .

========================================================================
Received Import Request.
  Time since last request: 0.000386 seconds.
  path: Assets/Fonts/Roboto-Regular.ttf
  artifactKey: Guid(b1cddf1228a2945c89cc0c9250c9c602) Importer(815301076,1909f56bfc062723c751e8b465ee728b)
Start importing Assets/Fonts/Roboto-Regular.ttf using Guid(b1cddf1228a2945c89cc0c9250c9c602) Importer(815301076,1909f56bfc062723c751e8b465ee728b)  -> (artifact id: 'd0172cae4808338d1ca1c4be6a6918e9') in 0.069138 seconds
  Import took 0.077660 seconds .

========================================================================
Received Import Request.
  Time since last request: 0.000277 seconds.
  path: Assets/Prefabs/AdWave.prefab
  artifactKey: Guid(e6dd21a7a5f6547dcbe8b555b9557acc) Importer(815301076,1909f56bfc062723c751e8b465ee728b)
Start importing Assets/Prefabs/AdWave.prefab using Guid(e6dd21a7a5f6547dcbe8b555b9557acc) Importer(815301076,1909f56bfc062723c751e8b465ee728b)  -> (artifact id: 'd48443ff300cd10a1eef86b0778f2574') in 0.020570 seconds
  Import took 0.027270 seconds .

========================================================================
Received Import Request.
  Time since last request: 0.000364 seconds.
  path: Assets/Prefabs/SpecialWave.prefab
  artifactKey: Guid(3583a9d41296e493ca0cd45b06f88190) Importer(815301076,1909f56bfc062723c751e8b465ee728b)
Start importing Assets/Prefabs/SpecialWave.prefab using Guid(3583a9d41296e493ca0cd45b06f88190) Importer(815301076,1909f56bfc062723c751e8b465ee728b) WARNING: RGB Compressed ETC2 sRGB format is not supported, decompressing texture
WARNING: RGB Compressed ETC2 sRGB format is not supported, decompressing texture
WARNING: RGB Compressed ETC2 sRGB format is not supported, decompressing texture
 -> (artifact id: 'cf1502aec7325ced3618300267fbae7e') in 0.138002 seconds
  Import took 0.143396 seconds .

========================================================================
Received Import Request.
  Time since last request: 0.000265 seconds.
  path: Assets/Prefabs/GameWave.prefab
  artifactKey: Guid(507ed6fd7df2c48aa9cbd264df3678d3) Importer(815301076,1909f56bfc062723c751e8b465ee728b)
Start importing Assets/Prefabs/GameWave.prefab using Guid(507ed6fd7df2c48aa9cbd264df3678d3) Importer(815301076,1909f56bfc062723c751e8b465ee728b) WARNING: RGBA Compressed ETC2 sRGB format is not supported, decompressing texture
 -> (artifact id: 'dd51f554a9629ba2aebb34cc98fe8fa1') in 0.081491 seconds
  Import took 0.085941 seconds .

========================================================================
Received Import Request.
  Time since last request: 0.000261 seconds.
  path: Assets/Prefabs/BlockSpecial3.prefab
  artifactKey: Guid(15eae4348c0cc483f89a75e2225e4dd0) Importer(815301076,1909f56bfc062723c751e8b465ee728b)
Start importing Assets/Prefabs/BlockSpecial3.prefab using Guid(15eae4348c0cc483f89a75e2225e4dd0) Importer(815301076,1909f56bfc062723c751e8b465ee728b) WARNING: RGB Compressed ETC2 sRGB format is not supported, decompressing texture
WARNING: RGBA Compressed ETC2 sRGB format is not supported, decompressing texture
 -> (artifact id: '67b3f5d97a56e3aca721a0c2581342d2') in 0.033001 seconds
  Import took 0.038447 seconds .

========================================================================
Received Import Request.
  Time since last request: 0.000284 seconds.
  path: Assets/Prefabs/blockCapsule.prefab
  artifactKey: Guid(12f53d9f63e1d46d89d4a2ffb45e1fbe) Importer(815301076,1909f56bfc062723c751e8b465ee728b)
Start importing Assets/Prefabs/blockCapsule.prefab using Guid(12f53d9f63e1d46d89d4a2ffb45e1fbe) Importer(815301076,1909f56bfc062723c751e8b465ee728b)  -> (artifact id: 'e246a1f302154523e53fa7563db63836') in 0.030989 seconds
  Import took 0.039031 seconds .

========================================================================
Received Import Request.
  Time since last request: 0.000283 seconds.
  path: Assets/Prefabs/BGWave.prefab
  artifactKey: Guid(a21d4afc4d2944866815ff2b6f9bd97f) Importer(815301076,1909f56bfc062723c751e8b465ee728b)
Start importing Assets/Prefabs/BGWave.prefab using Guid(a21d4afc4d2944866815ff2b6f9bd97f) Importer(815301076,1909f56bfc062723c751e8b465ee728b) WARNING: RGB Compressed ETC2 sRGB format is not supported, decompressing texture
 -> (artifact id: '363835d5beb263c7e998e779453a3a90') in 0.063644 seconds
  Import took 0.071777 seconds .

========================================================================
Received Import Request.
  Time since last request: 0.000223 seconds.
  path: Assets/Fonts/Roboto-MediumItalic.ttf
  artifactKey: Guid(2ae1cbb743d1b4a3a83313cce17401d2) Importer(815301076,1909f56bfc062723c751e8b465ee728b)
Start importing Assets/Fonts/Roboto-MediumItalic.ttf using Guid(2ae1cbb743d1b4a3a83313cce17401d2) Importer(815301076,1909f56bfc062723c751e8b465ee728b)  -> (artifact id: 'c6ebce4ca85aab6291fed48e28c49643') in 0.063945 seconds
  Import took 0.068713 seconds .

========================================================================
Received Import Request.
  Time since last request: 0.000330 seconds.
  path: Assets/Fonts/Roboto-Medium.ttf
  artifactKey: Guid(6b833b47750e84e0badde7f0a628f810) Importer(815301076,1909f56bfc062723c751e8b465ee728b)
Start importing Assets/Fonts/Roboto-Medium.ttf using Guid(6b833b47750e84e0badde7f0a628f810) Importer(815301076,1909f56bfc062723c751e8b465ee728b)  -> (artifact id: '229831867dbf5d2335b35aa62454a9a5') in 0.076897 seconds
  Import took 0.082323 seconds .

========================================================================
Received Import Request.
  Time since last request: 0.000350 seconds.
  path: Assets/Prefabs/GravDirection.prefab
  artifactKey: Guid(09f739cecd6754ca1ad943dacb615c98) Importer(815301076,1909f56bfc062723c751e8b465ee728b)
Start importing Assets/Prefabs/GravDirection.prefab using Guid(09f739cecd6754ca1ad943dacb615c98) Importer(815301076,1909f56bfc062723c751e8b465ee728b) WARNING: RGB Compressed ETC2 sRGB format is not supported, decompressing texture
 -> (artifact id: '60e508ff939b523a171fb03a392c4e2d') in 0.098038 seconds
  Import took 0.103867 seconds .

========================================================================
Received Import Request.
  Time since last request: 0.000261 seconds.
  path: Assets/Fonts/Roboto-Bold.ttf
  artifactKey: Guid(f069036d0f6b549b7b68cc41442f9895) Importer(815301076,1909f56bfc062723c751e8b465ee728b)
Start importing Assets/Fonts/Roboto-Bold.ttf using Guid(f069036d0f6b549b7b68cc41442f9895) Importer(815301076,1909f56bfc062723c751e8b465ee728b)  -> (artifact id: 'dc9cd8b2046fb351bd3d0fa838d1d6f0') in 0.066138 seconds
  Import took 0.070644 seconds .

========================================================================
Received Import Request.
  Time since last request: 0.000230 seconds.
  path: Assets/Prefabs/DownWardTrailsPS.prefab
  artifactKey: Guid(a4d5246ccfe0b4bbb9bc03fd1fb9f136) Importer(815301076,1909f56bfc062723c751e8b465ee728b)
Start importing Assets/Prefabs/DownWardTrailsPS.prefab using Guid(a4d5246ccfe0b4bbb9bc03fd1fb9f136) Importer(815301076,1909f56bfc062723c751e8b465ee728b)  -> (artifact id: '5654bb02aceea26847d2a794f6bf3da1') in 0.008214 seconds
  Import took 0.013175 seconds .

========================================================================
Received Import Request.
  Time since last request: 0.000246 seconds.
  path: Assets/Prefabs/blockSphere.prefab
  artifactKey: Guid(7135f6c46110a47ef80c94b661b01c93) Importer(815301076,1909f56bfc062723c751e8b465ee728b)
Start importing Assets/Prefabs/blockSphere.prefab using Guid(7135f6c46110a47ef80c94b661b01c93) Importer(815301076,1909f56bfc062723c751e8b465ee728b)  -> (artifact id: '095351312c6518046881ad449ec05782') in 0.016260 seconds
  Import took 0.021985 seconds .

========================================================================
Received Import Request.
  Time since last request: 0.000208 seconds.
  path: Assets/Prefabs/Canvas.prefab
  artifactKey: Guid(2db0cfd63239a4238a5de65a6a4aec08) Importer(815301076,1909f56bfc062723c751e8b465ee728b)
Start importing Assets/Prefabs/Canvas.prefab using Guid(2db0cfd63239a4238a5de65a6a4aec08) Importer(815301076,1909f56bfc062723c751e8b465ee728b) WARNING: RGB Compressed ETC2 sRGB format is not supported, decompressing texture
WARNING: RGBA Compressed ETC2 sRGB format is not supported, decompressing texture
WARNING: RGBA Compressed ETC2 sRGB format is not supported, decompressing texture
WARNING: RGBA Compressed ETC2 sRGB format is not supported, decompressing texture
WARNING: RGBA Compressed ETC2 sRGB format is not supported, decompressing texture
 -> (artifact id: '9d38093348f98911b7d48f3e55d9042d') in 0.201929 seconds
  Import took 0.207716 seconds .

========================================================================
Received Prepare
Shader 'Universal Render Pipeline/Particles/Lit': fallback shader 'Universal Render Pipeline/Particles/SimpleLit' not found
Shader 'Universal Render Pipeline/Particles/Lit': fallback shader 'Universal Render Pipeline/Particles/SimpleLit' not found
Refreshing native plugins compatible for Editor in 10.09 ms, found 1 plugins.
Preloading 0 native plugins for Editor in 0.00 ms.
Unloading 203 Unused Serialized files (Serialized files now loaded: 0)
System memory in use before: 160.1 MB.
System memory in use after: 158.7 MB.

Unloading 126 unused Assets to reduce memory usage. Loaded Objects now: 2649.
Total: 4.532900 ms (FindLiveObjects: 0.491061 ms CreateObjectMapping: 0.121705 ms MarkObjects: 2.558855 ms  DeleteObjects: 1.360091 ms)

